<?xml version="1.0" encoding="UTF-8"?>
<testsuite xmlns:xsi="http://www.w3.org/2001/XMLSchema-instance" xsi:noNamespaceSchemaLocation="https://maven.apache.org/surefire/maven-surefire-plugin/xsd/surefire-test-report.xsd" version="3.0.2" name="com.bigcompany.OrgAnalyzerTest" time="0.028" tests="9" errors="0" skipped="0" failures="0">
  <properties>
[...]
</properties>
  <testcase name="sampleDataFromProblemStatement" classname="com.bigcompany.OrgAnalyzerTest" time="0.005"/>
  <testcase name="ceoIsNeverFlaggedForReportingLine" classname="com.bigcompany.OrgAnalyzerTest" time="0.0"/>
  <testcase name="managerEarningLessThan20PercentMoreIsFlaggedWithCorrectAmount" classname="com.bigcompany.OrgAnalyzerTest" time="0.0"/>
  <testcase name="managerEarningExactly50PercentMoreIsNotFlagged" classname="com.bigcompany.OrgAnalyzerTest" time="0.0"/>
  <testcase name="managerEarningMoreThan50PercentIsFlaggedWithCorrectAmount" classname="com.bigcompany.OrgAnalyzerTest" time="0.0"/>
  <testcase name="employeeWith5ManagersBetweenAndCeoIsFlagged" classname="com.bigcompany.OrgAnalyzerTest" time="0.0"/>
  <testcase name="employeeWith4ManagersBetweenAndCeoIsNotFlagged" classname="com.bigcompany.OrgAnalyzerTest" time="0.0"/>
  <testcase name="managerEarningExactly20PercentMoreIsNotFlagged" classname="com.bigcompany.OrgAnalyzerTest" time="0.0"/>
  <testcase name="averageIsComputedAcrossAllDirectSubordinates" classname="com.bigcompany.OrgAnalyzerTest" time="0.0"/>
</testsuite>